c:\users\hajira\onedrive\cs200\project\project\debug\project.pch
c:\users\hajira\onedrive\cs200\project\project\debug\vc141.pdb
c:\users\hajira\onedrive\cs200\project\project\debug\vc141.idb
c:\users\hajira\onedrive\cs200\project\project\debug\pch.obj
c:\users\hajira\onedrive\cs200\project\project\debug\rook.obj
c:\users\hajira\onedrive\cs200\project\project\debug\pawn.obj
c:\users\hajira\onedrive\cs200\project\project\debug\king.obj
c:\users\hajira\onedrive\cs200\project\project\debug\queen.obj
c:\users\hajira\onedrive\cs200\project\project\debug\project.obj
c:\users\hajira\onedrive\cs200\project\project\debug\knight.obj
c:\users\hajira\onedrive\cs200\project\project\debug\bishop.obj
c:\users\hajira\onedrive\cs200\project\project\debug\game.obj
c:\users\hajira\onedrive\cs200\project\project\debug\chess_piece.obj
c:\users\hajira\onedrive\cs200\project\debug\project.exe
c:\users\hajira\onedrive\cs200\project\debug\project.ilk
c:\users\hajira\onedrive\cs200\project\debug\project.pdb
c:\users\hajira\onedrive\cs200\project\project\debug\project.tlog\cl.command.1.tlog
c:\users\hajira\onedrive\cs200\project\project\debug\project.tlog\cl.read.1.tlog
c:\users\hajira\onedrive\cs200\project\project\debug\project.tlog\cl.write.1.tlog
c:\users\hajira\onedrive\cs200\project\project\debug\project.tlog\link.command.1.tlog
c:\users\hajira\onedrive\cs200\project\project\debug\project.tlog\link.read.1.tlog
c:\users\hajira\onedrive\cs200\project\project\debug\project.tlog\link.write.1.tlog
